/*C5*/SET SCHEMA PUBLIC
set schema PUBLIC
drop table PRODUCTS
/*C6*/SET SCHEMA PUBLIC
DISCONNECT
/*C7*/SET SCHEMA PUBLIC
DROP TABLE products IF EXISTS
DROP SEQUENCE global_seq IF EXISTS
CREATE SEQUENCE global_seq AS INTEGER START WITH 1
CREATE TABLE products\u000a(\u000a    id          INTEGER GENERATED BY DEFAULT AS SEQUENCE global_seq PRIMARY KEY,\u000a    name        VARCHAR(255) UNIQUE NOT NULL,\u000a    description VARCHAR(255)        NOT NULL\u000a)
INSERT INTO PRODUCTS VALUES(1,'\u041c\u043e\u043b\u043e\u043a\u043e','\u043e\u043f\u0438\u0441\u0430\u043d\u0438\u0435 \u043f\u0440\u043e\u0434\u0443\u043a\u0442\u0430')
INSERT INTO PRODUCTS VALUES(2,'\u041c\u043e\u043b\u043e\u043a\u043e2','\u043e\u043f\u0438\u0441\u0430\u043d\u0438\u0435 \u043f\u0440\u043e\u0434\u0443\u043a\u0442\u0430')
INSERT INTO PRODUCTS VALUES(3,'\u041c\u043e\u043b\u043e\u043a\u043e3','\u043e\u043f\u0438\u0441\u0430\u043d\u0438\u0435 \u043f\u0440\u043e\u0434\u0443\u043a\u0442\u0430')
INSERT INTO PRODUCTS VALUES(4,'\u0422\u0432\u043e\u0440\u043e\u0433','\u043e\u043f\u0438\u0441\u0430\u043d\u0438\u0435 \u043f\u0440\u043e\u0434\u0443\u043a\u0442\u0430')
INSERT INTO PRODUCTS VALUES(5,'\u0422\u0432\u043e\u0440\u043e\u04332','\u043e\u043f\u0438\u0441\u0430\u043d\u0438\u0435 \u043f\u0440\u043e\u0434\u0443\u043a\u0442\u0430')
INSERT INTO PRODUCTS VALUES(6,'\u0421\u043b\u0438\u0432\u043a\u0438','\u043e\u043f\u0438\u0441\u0430\u043d\u0438\u0435 \u043f\u0440\u043e\u0434\u0443\u043a\u0442\u0430')
INSERT INTO PRODUCTS VALUES(7,'\u0421\u043e\u043a','\u043e\u043f\u0438\u0441\u0430\u043d\u0438\u0435 \u043f\u0440\u043e\u0434\u0443\u043a\u0442\u0430')
INSERT INTO PRODUCTS VALUES(8,'\u0425\u043b\u043e\u043f\u044c\u044f','\u043e\u043f\u0438\u0441\u0430\u043d\u0438\u0435 \u043f\u0440\u043e\u0434\u0443\u043a\u0442\u0430')
INSERT INTO PRODUCTS VALUES(9,'\u041c\u0430\u0441\u043b\u043e \u0441\u043b\u0438\u0432\u043e\u0447\u043d\u043e\u0435','\u043e\u043f\u0438\u0441\u0430\u043d\u0438\u0435 \u043f\u0440\u043e\u0434\u0443\u043a\u0442\u0430')
INSERT INTO PRODUCTS VALUES(10,'\u0421\u044b\u0440','\u043e\u043f\u0438\u0441\u0430\u043d\u0438\u0435 \u043f\u0440\u043e\u0434\u0443\u043a\u0442\u0430')
INSERT INTO PRODUCTS VALUES(11,'\u0419\u043e\u0433\u0443\u0440\u0442','\u043e\u043f\u0438\u0441\u0430\u043d\u0438\u0435 \u043f\u0440\u043e\u0434\u0443\u043a\u0442\u0430')
ALTER SEQUENCE PUBLIC.GLOBAL_SEQ RESTART WITH 12
COMMIT
DISCONNECT
/*C8*/SET SCHEMA PUBLIC
DISCONNECT
/*C9*/SET SCHEMA PUBLIC
DISCONNECT
/*C10*/SET SCHEMA PUBLIC
DROP TABLE products IF EXISTS
DROP SEQUENCE global_seq IF EXISTS
CREATE SEQUENCE global_seq AS INTEGER START WITH 1
CREATE TABLE products\u000a(\u000a    id          INTEGER GENERATED BY DEFAULT AS SEQUENCE global_seq PRIMARY KEY,\u000a    name        VARCHAR(255) UNIQUE NOT NULL,\u000a    description VARCHAR(255)        NOT NULL\u000a)
INSERT INTO PRODUCTS VALUES(1,'\u041c\u043e\u043b\u043e\u043a\u043e','\u043e\u043f\u0438\u0441\u0430\u043d\u0438\u0435 \u043f\u0440\u043e\u0434\u0443\u043a\u0442\u0430')
INSERT INTO PRODUCTS VALUES(2,'\u041c\u043e\u043b\u043e\u043a\u043e2','\u043e\u043f\u0438\u0441\u0430\u043d\u0438\u0435 \u043f\u0440\u043e\u0434\u0443\u043a\u0442\u0430')
INSERT INTO PRODUCTS VALUES(3,'\u041c\u043e\u043b\u043e\u043a\u043e3','\u043e\u043f\u0438\u0441\u0430\u043d\u0438\u0435 \u043f\u0440\u043e\u0434\u0443\u043a\u0442\u0430')
INSERT INTO PRODUCTS VALUES(4,'\u0422\u0432\u043e\u0440\u043e\u0433','\u043e\u043f\u0438\u0441\u0430\u043d\u0438\u0435 \u043f\u0440\u043e\u0434\u0443\u043a\u0442\u0430')
INSERT INTO PRODUCTS VALUES(5,'\u0422\u0432\u043e\u0440\u043e\u04332','\u043e\u043f\u0438\u0441\u0430\u043d\u0438\u0435 \u043f\u0440\u043e\u0434\u0443\u043a\u0442\u0430')
INSERT INTO PRODUCTS VALUES(6,'\u0421\u043b\u0438\u0432\u043a\u0438','\u043e\u043f\u0438\u0441\u0430\u043d\u0438\u0435 \u043f\u0440\u043e\u0434\u0443\u043a\u0442\u0430')
INSERT INTO PRODUCTS VALUES(7,'\u0421\u043e\u043a','\u043e\u043f\u0438\u0441\u0430\u043d\u0438\u0435 \u043f\u0440\u043e\u0434\u0443\u043a\u0442\u0430')
INSERT INTO PRODUCTS VALUES(8,'\u0425\u043b\u043e\u043f\u044c\u044f','\u043e\u043f\u0438\u0441\u0430\u043d\u0438\u0435 \u043f\u0440\u043e\u0434\u0443\u043a\u0442\u0430')
INSERT INTO PRODUCTS VALUES(9,'\u041c\u0430\u0441\u043b\u043e \u0441\u043b\u0438\u0432\u043e\u0447\u043d\u043e\u0435','\u043e\u043f\u0438\u0441\u0430\u043d\u0438\u0435 \u043f\u0440\u043e\u0434\u0443\u043a\u0442\u0430')
INSERT INTO PRODUCTS VALUES(10,'\u0421\u044b\u0440','\u043e\u043f\u0438\u0441\u0430\u043d\u0438\u0435 \u043f\u0440\u043e\u0434\u0443\u043a\u0442\u0430')
INSERT INTO PRODUCTS VALUES(11,'\u0419\u043e\u0433\u0443\u0440\u0442','\u043e\u043f\u0438\u0441\u0430\u043d\u0438\u0435 \u043f\u0440\u043e\u0434\u0443\u043a\u0442\u0430')
ALTER SEQUENCE PUBLIC.GLOBAL_SEQ RESTART WITH 12
COMMIT
DISCONNECT
/*C11*/SET SCHEMA PUBLIC
DISCONNECT
/*C12*/SET SCHEMA PUBLIC
DROP TABLE products IF EXISTS
DROP SEQUENCE global_seq IF EXISTS
CREATE SEQUENCE global_seq AS INTEGER START WITH 1
CREATE TABLE products\u000a(\u000a    id          INTEGER GENERATED BY DEFAULT AS SEQUENCE global_seq PRIMARY KEY,\u000a    name        VARCHAR(255) UNIQUE NOT NULL,\u000a    description VARCHAR(255)        NOT NULL\u000a)
DISCONNECT
/*C13*/SET SCHEMA PUBLIC
DISCONNECT
/*C15*/SET SCHEMA PUBLIC
DROP TABLE products IF EXISTS
DROP SEQUENCE global_seq IF EXISTS
CREATE SEQUENCE global_seq AS INTEGER START WITH 1
CREATE TABLE products\u000a(\u000a    id          INTEGER GENERATED BY DEFAULT AS SEQUENCE global_seq PRIMARY KEY,\u000a    name        VARCHAR(255) NOT NULL,\u000a    description VARCHAR(255)        NOT NULL\u000a)
DISCONNECT
/*C16*/SET SCHEMA PUBLIC
DISCONNECT
/*C17*/SET SCHEMA PUBLIC
DROP TABLE products IF EXISTS
CREATE TABLE products\u000a(\u000a    id          INTEGER PRIMARY KEY,\u000a    name        VARCHAR(255) NOT NULL,\u000a    description VARCHAR(255)        NOT NULL\u000a)
DISCONNECT
/*C18*/SET SCHEMA PUBLIC
DISCONNECT
/*C19*/SET SCHEMA PUBLIC
DROP TABLE products IF EXISTS
CREATE TABLE products\u000a(\u000a    id          INT not null PRIMARY KEY,\u000a    name        VARCHAR(255) NOT NULL,\u000a    description VARCHAR(255)        NOT NULL\u000a)
DISCONNECT
/*C20*/SET SCHEMA PUBLIC
DISCONNECT
/*C21*/SET SCHEMA PUBLIC
DROP TABLE products IF EXISTS
DROP SEQUENCE global_seq IF EXISTS
CREATE SEQUENCE global_seq AS INTEGER START WITH 1
CREATE TABLE products\u000a(\u000a    id          INTEGER GENERATED BY DEFAULT AS SEQUENCE global_seq PRIMARY KEY,\u000a    name        VARCHAR(255) UNIQUE NOT NULL,\u000a    description VARCHAR(255)        NOT NULL\u000a)
INSERT INTO PRODUCTS VALUES(1,'\u041c\u043e\u043b\u043e\u043a\u043e','\u043e\u043f\u0438\u0441\u0430\u043d\u0438\u0435 \u043f\u0440\u043e\u0434\u0443\u043a\u0442\u0430')
INSERT INTO PRODUCTS VALUES(2,'\u041c\u043e\u043b\u043e\u043a\u043e2','\u043e\u043f\u0438\u0441\u0430\u043d\u0438\u0435 \u043f\u0440\u043e\u0434\u0443\u043a\u0442\u0430')
INSERT INTO PRODUCTS VALUES(3,'\u041c\u043e\u043b\u043e\u043a\u043e3','\u043e\u043f\u0438\u0441\u0430\u043d\u0438\u0435 \u043f\u0440\u043e\u0434\u0443\u043a\u0442\u0430')
INSERT INTO PRODUCTS VALUES(4,'\u0422\u0432\u043e\u0440\u043e\u0433','\u043e\u043f\u0438\u0441\u0430\u043d\u0438\u0435 \u043f\u0440\u043e\u0434\u0443\u043a\u0442\u0430')
INSERT INTO PRODUCTS VALUES(5,'\u0422\u0432\u043e\u0440\u043e\u04332','\u043e\u043f\u0438\u0441\u0430\u043d\u0438\u0435 \u043f\u0440\u043e\u0434\u0443\u043a\u0442\u0430')
INSERT INTO PRODUCTS VALUES(6,'\u0421\u043b\u0438\u0432\u043a\u0438','\u043e\u043f\u0438\u0441\u0430\u043d\u0438\u0435 \u043f\u0440\u043e\u0434\u0443\u043a\u0442\u0430')
INSERT INTO PRODUCTS VALUES(7,'\u0421\u043e\u043a','\u043e\u043f\u0438\u0441\u0430\u043d\u0438\u0435 \u043f\u0440\u043e\u0434\u0443\u043a\u0442\u0430')
INSERT INTO PRODUCTS VALUES(8,'\u0425\u043b\u043e\u043f\u044c\u044f','\u043e\u043f\u0438\u0441\u0430\u043d\u0438\u0435 \u043f\u0440\u043e\u0434\u0443\u043a\u0442\u0430')
INSERT INTO PRODUCTS VALUES(9,'\u041c\u0430\u0441\u043b\u043e \u0441\u043b\u0438\u0432\u043e\u0447\u043d\u043e\u0435','\u043e\u043f\u0438\u0441\u0430\u043d\u0438\u0435 \u043f\u0440\u043e\u0434\u0443\u043a\u0442\u0430')
INSERT INTO PRODUCTS VALUES(10,'\u0421\u044b\u0440','\u043e\u043f\u0438\u0441\u0430\u043d\u0438\u0435 \u043f\u0440\u043e\u0434\u0443\u043a\u0442\u0430')
INSERT INTO PRODUCTS VALUES(11,'\u0419\u043e\u0433\u0443\u0440\u0442','\u043e\u043f\u0438\u0441\u0430\u043d\u0438\u0435 \u043f\u0440\u043e\u0434\u0443\u043a\u0442\u0430')
ALTER SEQUENCE PUBLIC.GLOBAL_SEQ RESTART WITH 12
COMMIT
DISCONNECT
/*C22*/SET SCHEMA PUBLIC
DISCONNECT
/*C23*/SET SCHEMA PUBLIC
DROP TABLE products IF EXISTS
DROP SEQUENCE global_seq IF EXISTS
CREATE SEQUENCE global_seq AS INTEGER START WITH 1
CREATE TABLE products\u000a(\u000a    id          INTEGER GENERATED BY DEFAULT AS SEQUENCE global_seq PRIMARY KEY,\u000a    name        VARCHAR(255) UNIQUE NOT NULL,\u000a    description VARCHAR(255)        NOT NULL\u000a)
DISCONNECT
/*C24*/SET SCHEMA PUBLIC
DISCONNECT
/*C14*/SET SCHEMA PUBLIC
DISCONNECT
/*C25*/SET SCHEMA PUBLIC
DROP TABLE products IF EXISTS
DROP SEQUENCE global_seq IF EXISTS
CREATE SEQUENCE global_seq AS INTEGER START WITH 1
CREATE TABLE products\u000a(\u000a    id          INTEGER GENERATED BY DEFAULT AS SEQUENCE global_seq PRIMARY KEY,\u000a    name        VARCHAR(255) UNIQUE NOT NULL,\u000a    description VARCHAR(255)        NOT NULL\u000a)
INSERT INTO PRODUCTS VALUES(1,'\u041c\u043e\u043b\u043e\u043a\u043e','\u043e\u043f\u0438\u0441\u0430\u043d\u0438\u0435 \u043f\u0440\u043e\u0434\u0443\u043a\u0442\u0430')
INSERT INTO PRODUCTS VALUES(2,'\u041c\u043e\u043b\u043e\u043a\u043e2','\u043e\u043f\u0438\u0441\u0430\u043d\u0438\u0435 \u043f\u0440\u043e\u0434\u0443\u043a\u0442\u0430')
INSERT INTO PRODUCTS VALUES(3,'\u041c\u043e\u043b\u043e\u043a\u043e3','\u043e\u043f\u0438\u0441\u0430\u043d\u0438\u0435 \u043f\u0440\u043e\u0434\u0443\u043a\u0442\u0430')
INSERT INTO PRODUCTS VALUES(4,'\u0422\u0432\u043e\u0440\u043e\u0433','\u043e\u043f\u0438\u0441\u0430\u043d\u0438\u0435 \u043f\u0440\u043e\u0434\u0443\u043a\u0442\u0430')
INSERT INTO PRODUCTS VALUES(5,'\u0422\u0432\u043e\u0440\u043e\u04332','\u043e\u043f\u0438\u0441\u0430\u043d\u0438\u0435 \u043f\u0440\u043e\u0434\u0443\u043a\u0442\u0430')
INSERT INTO PRODUCTS VALUES(6,'\u0421\u043b\u0438\u0432\u043a\u0438','\u043e\u043f\u0438\u0441\u0430\u043d\u0438\u0435 \u043f\u0440\u043e\u0434\u0443\u043a\u0442\u0430')
INSERT INTO PRODUCTS VALUES(7,'\u0421\u043e\u043a','\u043e\u043f\u0438\u0441\u0430\u043d\u0438\u0435 \u043f\u0440\u043e\u0434\u0443\u043a\u0442\u0430')
INSERT INTO PRODUCTS VALUES(8,'\u0425\u043b\u043e\u043f\u044c\u044f','\u043e\u043f\u0438\u0441\u0430\u043d\u0438\u0435 \u043f\u0440\u043e\u0434\u0443\u043a\u0442\u0430')
INSERT INTO PRODUCTS VALUES(9,'\u041c\u0430\u0441\u043b\u043e \u0441\u043b\u0438\u0432\u043e\u0447\u043d\u043e\u0435','\u043e\u043f\u0438\u0441\u0430\u043d\u0438\u0435 \u043f\u0440\u043e\u0434\u0443\u043a\u0442\u0430')
INSERT INTO PRODUCTS VALUES(10,'\u0421\u044b\u0440','\u043e\u043f\u0438\u0441\u0430\u043d\u0438\u0435 \u043f\u0440\u043e\u0434\u0443\u043a\u0442\u0430')
INSERT INTO PRODUCTS VALUES(11,'\u0419\u043e\u0433\u0443\u0440\u0442','\u043e\u043f\u0438\u0441\u0430\u043d\u0438\u0435 \u043f\u0440\u043e\u0434\u0443\u043a\u0442\u0430')
ALTER SEQUENCE PUBLIC.GLOBAL_SEQ RESTART WITH 12
COMMIT
DISCONNECT
/*C26*/SET SCHEMA PUBLIC
DISCONNECT
/*C27*/SET SCHEMA PUBLIC
DISCONNECT
/*C28*/SET SCHEMA PUBLIC
DISCONNECT
/*C29*/SET SCHEMA PUBLIC
DISCONNECT
/*C5*/DISCONNECT
